2025-09-23 12:29:18|CLS|Wilson Michael Max|S|98.73|-25000
2025-09-19 17:00:51|CNH|Tutino Francesco Vincenzo Maria|S|12.53|-12271
2025-09-22 16:50:53|ORA|Granot David|S|92.44|-199
2025-09-18 18:19:40|FRPT|George Walter N.|P|52.57|1000
2025-09-22 21:58:39|ANGX|Taylor Seth|P|17.54|11
2025-09-19 15:31:55|NPB|Hooker David Stevens|S|18.21|-65161
2025-09-23 16:42:51|COCO|Roper Martin|S|40.12|-50506
2025-09-18 21:49:12|MARA|Thiel Frederick G|S|16.87|-55010
2025-09-18 21:30:05|OLMA|Harmon Cyrus|S|8.19|-25000
2025-09-18 21:22:17|AVGO|Brazeal Mark David|S|352.61|-27204
2025-09-18 21:06:49|AVGO|Kawwas Charlie B|S|352.74|-6397
2025-09-18 21:04:32|AVGO|Spears Kirsten M.|S|352.64|-12319
2025-09-18 20:56:26|UBER|Mahendra-Rajah Prashanth|S|99.42|-2750
2025-09-18 20:44:13|PLSE|Uecker Darrin|S|16.25|-45000
2025-09-18 20:28:21|RKLB|Ocko Matthew|S|48.2|-1873097
2025-09-18 20:23:30|CRWV|Agrawal Nitin|S|118.18|-38422
2025-09-18 20:22:00|CRWV|McBee Brannin|S|118.17|-625000
2025-09-18 20:01:18|PCOR|O Connor Kevin J|S|71.49|-15384
2025-09-18 19:20:08|RKLB|Spice Adam C.|S|48.97|-68254
2025-09-18 19:19:50|RKLB|Klein Frank|S|48.86|-49821
2025-09-18 19:19:28|RKLB|Kampani Arjun|S|48.67|-40601
2025-09-18 19:16:10|NEXT|Bardin Hill Investment Partners LP|P|6.98|357021
2025-09-18 19:13:58|STRR|Fruhbeis Todd Michael|P|10.2|250
2025-09-18 19:00:08|SNAP|Mohan Ajit|S|7.56|-27595
2025-09-18 19:00:06|SNAP|Morrow Rebecca|S|7.56|-2501
2025-09-18 19:00:04|SNAP|Andersen Derek|S|7.56|-33871
2025-09-18 19:00:03|SNAP|O'Sullivan Michael J.|S|7.58|-14290
2025-09-18 18:37:45|SMR|Fluor Corp|S|37.77|-2542093
2025-09-18 18:26:23|META|Newstead Jennifer|S|767.16|-519
2025-09-18 18:19:00|COCO|Roper Martin|S|40.15|-30506
2025-09-18 18:16:14|VSTM|Stuglik Brian M|S|9.99|-587
2025-09-18 18:14:04|VSTM|Gagnon Robert E.|S|9.99|-281
2025-09-18 18:13:16|COCO|Baker Corey|S|40|-3000
2025-09-18 18:11:41|VSTM|Paterson Dan|S|9.99|-390
2025-09-18 18:05:29|WGS|Feeley Kevin|S|121.47|-3728
2025-09-18 18:04:34|WGS|Stueland Katherine|S|121.47|-10501
2025-09-18 17:54:33|BE|Kurzymski Maciej|S|70.47|-2474
2025-09-18 17:53:29|EVCM|Remer Eric Richard|S|11.86|-19200
2025-09-18 17:47:16|TTAN|Bessemer Venture Partners VIII L.P.|S|117.2|-64727
2025-09-18 17:44:07|PHR|Gandhi Balaji|S|23.28|-4183
2025-09-18 17:43:15|PHR|Hoffman Allison C|S|23.37|-5192
2025-09-18 17:42:08|PHR|Hui Yvonne|S|23.28|-940
2025-09-18 17:41:59|CRDO|Brennan William Joseph|S|164.11|-68016
2025-09-18 17:40:52|PHR|Indig Chaim|S|23.28|-6328
2025-09-18 17:38:18|PHR|Linetsky David|S|23.36|-3229
2025-09-18 17:33:09|PHR|Roberts Evan|S|23.28|-3761
2025-09-18 17:30:46|PHR|Vanduyn Amy Beth|S|23.28|-1762
2025-09-18 17:29:36|RDNT|Stolper Mark|S|73.89|-35000
2025-09-18 17:23:33|DLB|Yeaman Kevin J|S|71.66|-25000
2025-09-18 17:23:09|XYZ|Ahuja Amrita|S|75|-6581
2025-09-18 17:20:47|HRTG|Widdicombe Richard A|S|24.15|-100000
2025-09-18 17:17:31|VST|Burke James A|S|213.17|-42719
2025-09-18 17:14:07|BE|Chitoori Satish|S|71.16|-400
2025-09-18 17:09:53|WEAV|McNeil Joseph David|S|7.73|-14236
2025-09-18 17:07:48|ECBK|O'Neil Richard J Jr|P|15.85|1250
2025-09-18 17:07:39|WEAV|Christiansen Jason Paul|S|7.73|-4131
2025-09-18 17:07:33|WEAV|White Brett T|S|7.73|-53953
2025-09-18 17:07:27|WEAV|Bertilson Marcus|S|7.73|-13836
2025-09-18 17:07:20|WEAV|Goodsell Erin|S|7.73|-7585
2025-09-18 17:06:24|HUBS|Halligan Brian|S|506.52|-8500
2025-09-18 17:00:11|RBRK|McCarthy Brian K.|S|74.21|-4670
2025-09-18 17:00:10|RBRK|Nithrakashyap Arvind|S|74.21|-40170
2025-09-18 17:00:08|RBRK|Choudary Kiran Kumar|S|74.42|-10099
2025-09-18 16:56:04|UWMC|Mat Ishbia|S|6.68|-1789068
2025-09-18 16:50:01|ZWS|Jahnke Timothy J|S|47.54|-2156
2025-09-18 16:45:14|ONC|Oyler John|S|325.71|-27803
2025-09-18 16:43:19|CARG|Zales Samuel|S|36.08|-10000
2025-09-18 16:40:25|KFS|Stilwell Joseph|S|14.45|-68000
2025-09-18 16:39:39|RVMD|Wei Lin|S|45.82|-2160
2025-09-18 16:38:06|RVMD|Kelsey Stephen Michael|S|45.82|-5367
2025-09-18 16:37:28|RVMD|Goldsmith Mark A|S|45.82|-13411
2025-09-18 16:36:43|RVMD|Horn Margaret A|S|45.82|-4775
2025-09-18 16:36:17|LFVN|Lewis Darwin|P|10.85|450
2025-09-18 16:35:53|RVMD|Cislini Jeff|S|45.82|-1869
2025-09-18 16:34:56|RVMD|Anders Jack|S|45.82|-2320
2025-09-18 16:32:25|HLI|Gold Irwin|S|202.75|-6811
2025-09-18 16:31:06|OS|Hohenstein Ken|S|18.69|-40000
2025-09-23 18:00:03|ENVA|Fisher David|S|125.6|-41000
2025-09-22 20:05:06|NTRA|Sheena Jonathan|S|178.7|-14070
2025-09-22 08:12:21|TMUS|Deutsche Telekom AG|S|239.01|-193278
2025-09-19 21:01:07|NVDA|Huang Jen Hsun|S|174.14|-225000
2025-09-19 20:08:35|DELL|Slta IV (Gp), L.L.C.|S|130.41|-565000
2025-09-19 20:06:36|DELL|Slta V (Gp), L.L.C.|S|130.41|-565000
2025-09-19 20:03:51|TPC|Tutor Ronald N|S|64.51|-200000
2025-09-19 20:02:32|TPC|Feltenstein Sidney J|S|65.96|-125000
2025-09-19 20:00:30|NYC|Schorsch Nicholas S|P|9.9|1458
2025-09-19 19:40:00|ACR|Eagle Point Credit Management LLC|S|22.61|-5683
2025-09-19 19:12:19|ELVN|Kintz Samuel|S|19.29|-6000
2025-09-19 18:53:05|ANET|Duda Kenneth|S|141.8|-56000
2025-09-19 18:46:28|CCCS|Goodson John Page|S|9.59|-150000
2025-09-19 18:25:47|CVNA|Garcia Ernest C. III|S|373.54|-10000
2025-09-19 18:20:38|CRM|Benioff Marc|S|243.22|-4500
2025-09-19 18:17:35|OKLO|Bealmear Richard Craig|S|94.31|-100000
2025-09-19 18:16:55|GTLB|Jacobson Matthew|S|50.48|-443447
2025-09-19 17:55:56|UPWK|Brown Hayden|S|19.04|-82344
2025-09-19 17:48:08|RNGR|Agee Brett T.|S|14.51|-14014
2025-09-19 17:42:06|WRBY|Gilboa David Abraham|S|27.58|-58960
2025-09-19 17:40:24|WRBY|Blumenthal Neil Harris|S|27.52|-8916
2025-09-19 17:24:26|COCO|Van Es Charles|S|42.04|-20000
2025-09-19 17:21:27|COCO|Sadowsky Kenneth|S|40.03|-3900
2025-09-19 17:18:22|COCO|Prior Jane|S|42.04|-10000
2025-09-19 17:15:11|COCO|Liran IRA|S|42|-50000
2025-09-19 17:14:45|CRWV|Venturo Brian M|S|118.68|-281250
2025-09-19 17:12:26|COCO|Kirban Michael|S|41.72|-30000
2025-09-19 17:08:56|COCO|Burth Jonathan|S|42.55|-16827
2025-09-19 17:05:01|AMBA|Young John Alexander|S|79.43|-2566
2025-09-19 17:04:52|AMBA|Lee Chan W|S|79.43|-1947
2025-09-19 17:04:41|AMBA|Kohn Leslie|S|79.43|-2249
2025-09-19 17:03:32|AMBA|Ju Chi-Hong|S|79.43|-1168
2025-09-19 17:01:36|ALHC|General Atlantic (Aln Hlth), L.P.|S|16.01|-6246096
2025-09-19 17:01:08|SCSC|Baur Michael L|S|44.76|-150000
2025-09-19 17:00:58|AMBA|Wang Feng-Ming|S|79.43|-4928
2025-09-19 17:00:47|ALHC|General Atlantic, L.P.|S|16.01|-6246096
2025-09-19 16:53:47|OKTA|Schwartz Larissa|S|90.17|-3348
2025-09-19 16:52:28|RCMT|Vizi Bradley|S|27.5|-9256
2025-09-19 16:50:07|UUU|Ault Milton C III|P|6.06|6000
2025-09-19 16:44:14|UPST|Darling Scott|S|70.01|-1000
2025-09-19 16:43:30|MDB|Cochran Hope F|S|327.93|-1174
2025-09-19 16:42:49|SVV|Walsh Mark T.|S|13.01|-6070
2025-09-19 16:41:29|SVV|Medway Richard A.|S|12.98|-4815
2025-09-19 16:41:04|FSLY|Lovett Scott R.|S|8.41|-42172
2025-09-19 16:34:57|PEGA|Trefler Alan|S|58.3|-45000
2025-09-19 16:34:39|ADI|Stata Ray|S|248.27|-6250
2025-09-19 16:33:36|HIPO|Zeltser Guy|S|37.48|-5177
2025-09-19 16:32:39|DV|Grimmig Andrew E|S|12.99|-4096
2025-09-19 16:32:23|WDAY|Sauer Richard Harry|S|235.41|-1160
2025-09-19 16:31:06|NMZ|Bank of America Corp /de/|P|10.65|10784
2025-09-19 16:31:06|NMZ|Bank of America Corp /de/|S|10.56|-10784
2025-09-19 16:30:14|ACMR|Liu Tracy|S|33|-15000
2025-09-19 16:30:09|NTAP|Kurian George|S|122.91|-8750
2025-09-19 16:30:08|ICE|Williams Stuart Glen|S|172.04|-939
2025-09-19 16:30:06|PX|Williams Mel|S|12.02|-23494
2025-09-19 16:28:15|HIMS|Boughton Soleil|S|50.5|-2637
2025-09-19 16:28:09|HIMS|Carroll Patrick Harrison|S|50.5|-10021
2025-09-19 16:28:03|HIMS|Becklund Irene|S|50.5|-8410
2025-09-19 16:27:57|HIMS|Chi Michael|S|50.5|-13749
2025-09-19 16:27:52|HIMS|Dudum Andrew|S|50.57|-65110
2025-09-19 16:23:09|ESI|Liebowitz Matthew|S|26.55|-50000
2025-09-19 16:20:15|EBAY|Rawashdeh Mazen|S|89.31|-1910
2025-09-19 16:20:04|NSP|Sarvadi Paul J|S|51.98|-10850
2025-09-19 16:07:47|DDOG|Agarwal Amit|S|134.36|-10112
2025-09-19 16:07:19|AOMR|Filson Brandon|S|9.78|-50000
2025-09-19 16:06:29|ELF|Marchisotto Kory|S|150|-10812
2025-09-19 16:05:11|CSTL|Maetzold Derek J|S|21.97|-1339
2025-09-19 16:05:05|RAPP|Ceesay Abraham|S|26.32|-76420
2025-09-19 16:05:03|COCO|Verlinvest Beverages Sa|S|40.77|-3000000
2025-09-19 16:04:59|IBKR|Brody Paul Jonathan|S|63.54|-223382
2025-09-19 15:40:58|GLRE|Isaacs Ian|S|12.79|-8393
2025-09-19 10:31:11|BDSX|Schuler Jack W|P|6.06|18373
2025-09-19 08:31:12|NEXT|Vrattos William C|P|6.86|100000
2025-09-19 06:20:41|KEYS|Estrada Ingrid A|S|173.98|-2000
2025-09-19 06:18:20|KEYS|Poole Lisa M.|S|173.56|-142
2025-09-18 21:16:48|CRUS|Baumgartner Jeffrey W|S|120|-9162
2025-09-18 20:33:31|PINS|Silbermann Benjamin|S|36.66|-102083
2025-09-18 18:24:00|BXMT|Marone Anthony F. Jr|S|19.48|-1006
2025-09-18 18:23:29|BXMT|Keenan Katharine A|S|19.49|-4593
2025-09-18 18:22:19|BXMT|Urbaszek Marcin|S|19.5|-398
2025-09-18 18:10:35|M|Kirgan Danielle L.|S|17.75|-100000
2025-09-18 18:04:31|WINA|Barbetta Lawrence A|S|505.02|-852
2025-09-18 17:39:33|PFBX|Stilwell Joseph|P|20.2|3000
2025-09-18 17:01:44|CDP|Trimberger Lisa G|S|30.64|-7896
2025-09-18 16:41:03|MCB|Rosenberg Nick|S|79.47|-1250
2025-09-18 16:38:17|NCMI|Woods Maria Vg|S|5|-2584
2025-09-18 16:30:49|SNX|Witt Marshall|S|149.84|-861
2025-09-18 16:30:39|UTHR|Rothblatt Martine A|S|402.29|-8000
2025-09-18 16:30:20|TTAN|Kuzoyan Vahe|S|116.04|-3059
2025-09-18 16:29:58|TEAM|Farquhar Scott|S|173.56|-7665
2025-09-18 16:29:34|TEAM|Cannon-Brookes Michael|S|173.56|-7665
2025-09-18 16:27:59|DAKT|Gatzke Carla S|S|23.09|-9944
2025-09-23 14:56:53|MPWR|Martinez Carintia|S|900|-1400
2025-09-23 14:35:12|MPWR|Tseng Saria|S|914.45|-14510
2025-09-23 08:15:13|SKYT|Unterseher Loren A|S|13.58|-240000
2025-09-22 21:24:41|PLSE|Danahy Kevin Patrick|S|18.49|-20400
2025-09-22 21:04:47|STRR|Eberwein Jeffrey E.|P|11.45|15642
2025-09-22 20:49:12|CECO|Gleason Todd R|S|50.35|-300000
2025-09-22 20:46:49|NVDA|Jones Harvey C|S|176.22|-250000
2025-09-22 20:36:56|COCO|Roper Martin|S|40.01|-20000
2025-09-22 20:16:38|CRWV|Magnetar Financial LLC|S|120.62|-176512
2025-09-22 20:13:56|CRWV|Magnetar Financial LLC|S|120.62|-1059358
2025-09-22 20:07:18|PLTR|Stat Lauren Elaina Friedman|S|177.6|-9000
2025-09-22 19:44:36|ZIP|Siegel Ian H.|S|5.23|-42206
2025-09-22 19:32:55|GWRE|Cooper Jeffrey Elliott|S|248.76|-7535
2025-09-22 19:32:49|GWRE|King James Winston|S|248.82|-7162
2025-09-22 19:24:45|GWRE|Peterson David Franklin|S|249.86|-1000
2025-09-22 19:18:23|ERII|Yeung William|S|15.09|-15454
2025-09-22 19:03:22|AVPT|Ho John Chi On|S|15.21|-650000
2025-09-22 19:02:45|AVPT|Gong Xunkai|S|15.21|-2068966
2025-09-22 19:02:03|AVPT|Jiang Tianyi|S|15.21|-2068966
2025-09-22 19:01:22|AVPT|Caci James|S|15.21|-216000
2025-09-22 19:00:11|AVPT|Brown Brian Michael|S|15.21|-500000
2025-09-22 18:32:03|PAHC|Bendheim Jack|S|40.26|-7022
2025-09-22 18:12:06|LASR|Keeney Scott H|S|30.99|-62507
2025-09-22 18:07:31|WBI|Crane James R|P|20|300000
2025-09-22 18:05:30|WBI|Daily Gregory S|P|20|75000
2025-09-22 17:46:35|GLIBK|Malone John C|P|34.97|10270
2025-09-22 17:44:10|WLDN|Chen Micah|S|106|-10000
2025-09-22 17:42:01|WLDN|McGinn Dennis V|S|106.32|-7298
2025-09-22 17:41:31|ABNB|Balogh Aristotle N|S|123.74|-600
2025-09-22 17:39:50|PX|Poston Edwin A.|S|12.13|-107976
2025-09-22 17:34:10|BRZE|Malik Pankaj|S|32.77|-4174
2025-09-22 17:31:33|MU|Mehrotra Sanjay|S|162.84|-15000
2025-09-22 17:22:31|DBD|Millstreet Capital Management LLC|S|60.08|-38963
2025-09-22 17:21:38|PTON|Sanders Dion C.|S|8.05|-110753
2025-09-22 17:19:18|VST|Burke James A|S|212.34|-42726
2025-09-22 17:19:01|PTON|Cotter Jennifer Cunningham|S|8.05|-110235
2025-09-22 17:16:26|AEO|Keefer James H Jr|S|19.75|-12337
2025-09-22 17:15:35|CIFR|V3 Holding Ltd|S|12.34|-2700000
2025-09-22 17:12:13|COUR|Meyers Michele M|S|11.31|-3500
2025-09-22 17:06:17|OKTA|Kelleher Eric Robert|S|92.62|-8522
2025-09-22 17:04:45|OKTA|Addison Jonathan James|S|92.61|-6091
2025-09-22 16:51:19|ORA|Ginzburg Assi|S|93.31|-9343
2025-09-22 16:48:07|MTSI|Ocampo Susan|S|133.09|-150000
2025-09-22 16:47:25|CRDO|Tan Lip Bu|S|175.12|-20000
2025-09-22 16:45:49|WMT|Furner John R.|S|103.74|-13125
2025-09-22 16:34:40|UPWK|Gessert Erica|S|19.16|-8730
2025-09-22 16:33:59|UPWK|Bottoms Dave|S|19.55|-20908
2025-09-22 16:32:07|RBLX|Kaufman Matthew D|S|136.55|-6000
2025-09-22 16:31:55|MTZ|Apple Robert E|S|200.44|-10000
2025-09-22 16:30:26|TH|Schrenk Troy C.|S|8.58|-49344
2025-09-22 16:30:04|SARO|Trapp Alex|S|28.05|-76591
2025-09-22 16:30:03|MSTR|Shao Wei-Ming|S|355.79|-10000
2025-09-22 16:25:46|MAMA|Romig Shirley|S|10.18|-4000
2025-09-22 16:23:19|LENZ|Versant Venture Capital Vi, L.P.|S|42.23|-135304
2025-09-22 16:16:18|COR|Mauch Robert P.|S|290|-5097
2025-09-22 16:15:25|PHR|Linetsky David|S|23.94|-93
2025-09-22 16:15:05|AGX|Collins Charles Edwin IV|S|257.39|-7500
2025-09-22 16:10:15|STRS|Oasis Management Co Ltd.|S|21.02|-1998
2025-09-22 16:06:37|ESNT|Bhasin Vijay|S|65|-11479
2025-09-22 16:06:35|PSTG|Colgrove John|S|87.33|-100000
2025-09-22 16:06:32|ESNT|Gibbons Mary Lourdes|S|65|-4000
2025-09-22 16:06:00|CACC|Booth Kenneth|S|506.59|-4000
2025-09-22 16:05:31|TRMB|Keating Christopher F|S|81.74|-7365
2025-09-22 16:03:10|APTV|Brazier Allan J|S|85|-1000
2025-09-22 15:24:30|UUUU|Higgs Dennis Lyle|S|14.66|-10000
2025-09-22 15:05:07|FMBM|Wray Peter H|P|25.92|238
2025-09-22 12:55:56|KEQU|Hull Thomas David III|S|45.64|-1425
2025-09-22 07:30:03|CGON|Mulay James|S|39.01|-22686
2025-09-22 07:10:20|ZIP|Travers David|S|5.3|-18793
2025-09-22 07:07:30|ZIP|Garefis Amy|S|5.29|-3021
2025-09-19 21:35:19|NTRA|Rabinowitz Matthew|S|180.33|-50000
2025-09-19 20:49:25|SOFI|Rishel Jeremy|S|27.5|-98733
2025-09-19 20:49:10|SOFI|Keough Kelli|S|27.86|-10036
2025-09-19 20:14:08|DELL|Slta IV (Gp), L.L.C.|S|132.32|-565000
2025-09-19 20:10:13|DELL|Slta V (Gp), L.L.C.|S|132.32|-565000
2025-09-19 20:08:11|ATEC|Sponsel David|S|15.09|-140000
2025-09-19 19:22:41|ACLX|Heery Christopher|S|80.01|-3643
2025-09-19 18:28:24|CVNA|Garcia Ernest C. III|S|394.36|-700
2025-09-19 18:27:15|CVNA|Garcia Ernest C. III|S|385.29|-9300
2025-09-19 18:27:07|SNOW|Dageville Benoit|S|219.36|-25000
2025-09-19 18:23:43|RARE|Huizenga Theodore Alan|S|29.17|-64
2025-09-19 18:19:19|SITM|Howe Elizabeth A.|S|298|-1000
2025-09-19 18:06:16|WSM|Howie Jeffrey|S|198.84|-3153
2025-09-19 17:37:33|KRC|Paratte A. Robert|S|44|-3500
2025-09-19 17:24:55|TEAM|Cannon-Brookes Michael|S|170.09|-7665
2025-09-19 17:24:20|TEAM|Farquhar Scott|S|170.09|-7665
2025-09-19 17:08:45|ROKU|Wood Anthony J.|S|100|-25000
2025-09-19 16:41:42|CTLP|Singal Gaurav|S|10.63|-200000
2025-09-19 16:41:00|VRSN|Bidzos D James|S|287.96|-2000
2025-09-19 16:37:53|NWN|Anderson David Hugo|S|42.13|-7795
2025-09-19 16:30:13|ACMR|Wang Jian|S|35|-30000
2025-09-19 16:30:11|ACMR|Cheav Sotheara|S|35|-10000
2025-09-19 16:28:29|AVBC|Cozzone Robert D|P|15.97|3130
2025-09-19 16:22:32|ESI|Capps John Edward|S|26.77|-77674
2025-09-19 16:22:26|ESI|Gliklich Benjamin|S|26.56|-117637
2025-09-19 16:22:19|ESI|Dorman Carey J.|S|26.66|-40725
2025-09-19 16:19:12|HSY|Voskuil Steven E|S|189.12|-1500
2025-09-19 16:18:40|EBAY|Boone Cornelius|S|89.53|-4439
2025-09-19 16:17:22|RDN|Hoffman Edward J|S|37|-10000
2025-09-19 16:15:12|BATRA|Gamco Investors, Inc. Et Al|S|45.32|-1900
2025-09-19 16:15:06|ETSY|Silverman Josh|S|65|-70000
2025-09-19 16:07:43|IPGP|Ness Trevor|S|82.64|-1678
2025-09-19 16:05:52|SXI|Dunbar David A.|S|215|-11000
2025-09-19 16:05:31|EQH|Pearson Mark|S|54.23|-39700
2025-09-19 16:00:05|LLY|Lilly Endowment Inc|S|764.65|-106626
2025-09-19 14:39:11|FG|Punjabi Leena|S|33.81|-3000
2025-09-19 14:35:04|CCB|Sprink Eric M|S|114.65|-10683
2025-09-19 14:34:03|CCB|Edwards Joel G|S|114.67|-9425
2025-09-19 14:21:39|MKSI|Schreiner James Alan|S|124|-838
2025-09-19 14:18:31|MKSI|Henry David Philip|S|130|-5000
2025-09-19 12:32:03|PGC|Chalkan Lisa|S|29.65|-2500
2025-09-19 11:17:39|TPL|Horizon Kinetics Asset Management LLC|P|915.55|1
2025-09-19 11:06:52|AVBC|Jensen Barry H|P|15.85|2500
2025-09-19 09:18:43|AROC|Rebrook Jason C|P|24.17|10000
2025-09-19 09:08:24|BRC|Shaller Russell|S|80.07|-23743
2025-09-19 08:57:12|ATEX|Lang Scott A.|P|21.28|4650
2025-09-19 08:32:17|NEXT|Scoggins Edward Andrew Jr.|P|6.46|15000
2025-09-18 21:17:53|CRUS|Thomas Scott|S|121.49|-11089
2025-09-18 20:52:48|UBER|West Tony|S|93.94|-3125
2025-09-18 19:30:27|CME|Marcus Jonathan L|S|262|-392
2025-09-18 19:28:11|ROIV|Gline Matthew|P|15.07|3315
2025-09-18 18:20:22|UFCS|Besong John Paul E|S|32.26|-2450
2025-09-18 17:42:28|PATH|Dines Daniel|S|11.93|-122733
2025-09-18 16:31:05|UTHR|Mahon Paul A|S|406.17|-11000
2025-09-18 16:29:17|NGS|Taylor Stephen Charles|S|27.5|-1638
2025-09-23 21:26:29|AJG|Howell Douglas K|S|299.42|-14000
2025-09-23 21:00:20|ROIV|Venker Eric|S|14.92|-1711000
2025-09-23 21:00:05|RH|Demilio Mark S|S|236.13|-2000
2025-09-23 20:59:26|AGX|Getsinger Peter W|S|264.54|-1000
2025-09-23 19:58:51|MUX|Diges Carmen L|S|14.34|-21000
2025-09-23 19:56:09|MUX|McEwen Robert Ross|S|14.35|-50000
2025-09-23 19:11:42|SMR|Fluor Corp|S|43.94|-4567320
2025-09-23 19:06:49|ANET|Giancarlo Charles H|S|148.42|-58000
2025-09-23 18:05:30|TTAN|Bessemer Venture Partners VIII L.P.|S|118.21|-28245
2025-09-23 18:01:11|CODA|Sondergaard Niels|S|8.21|-56370
2025-09-23 17:25:24|IHT|Berg Marc E|S|10575|-5000
2025-09-23 17:24:12|NVDA|Drell Persis|S|177.65|-40000
2025-09-23 17:21:50|PX|McCoy David M.|S|12.08|-44000
2025-09-23 17:19:16|NVDA|Stevens Mark A|S|176.39|-350000
2025-09-23 17:14:23|ELVN|Lyssikatos Joseph P|S|19.39|-7000
2025-09-23 16:36:29|GLP|Global Gp LLC|P|49.56|7723
2025-09-23 16:34:04|DELL|Slta IV (Gp), L.L.C.|S|132.84|-318171
2025-09-23 16:33:29|DELL|Slta V (Gp), L.L.C.|S|132.84|-318171
2025-09-23 16:30:06|GTLB|Jacobson Matthew|S|50.17|-233382
2025-09-23 16:28:43|SGA|Edward K. Christian Trust|S|12.63|-581
2025-09-23 16:26:49|CVNA|Garcia Ernest C. III|S|386.7|-10000
2025-09-23 16:24:00|IBEX|Greenwald Taylor C|S|40.73|-2295
2025-09-23 16:19:13|RGR|Killoy Christopher John|S|40|-10000
2025-09-23 16:18:40|VCYT|McGuire Annie|S|33.69|-2283
2025-09-23 16:11:00|MDB|Merriman Dwight A|S|320.28|-31000
2025-09-23 16:03:36|IBKR|Brody Paul Jonathan|S|64.46|-65895
2025-09-23 16:03:21|CENX|Calloway Kenneth L|S|27.5|-16450
2025-09-23 16:03:11|NN|Shams Sammaad|S|17.34|-102
2025-09-23 14:16:49|GIS|Williams-Roll Jacqueline|S|50.04|-4000
2025-09-23 12:33:53|MASS|Griffith Joseph H. IV|S|7.07|-5000
2025-09-23 12:21:14|EZPW|Appel Matthew W|S|18.02|-9038
2025-09-23 11:42:49|SNPS|Kankanwadi Sudhindra|S|493.76|-15873
2025-09-23 11:26:23|KRNY|Montanaro Leopold W|P|6.57|10000
2025-09-23 09:29:04|BDSX|Schuler Jack W|P|7.04|142045
2025-09-22 20:31:08|NTSK|Iconiq Strategic Partners Vi, L.P.|P|19|2000000
2025-09-22 20:29:11|NTSK|Iconiq Strategic Partners Vi, L.P.|P|19|2000000
2025-09-22 20:21:31|CRWV|Magnetar Financial LLC|S|125.6|-197336
2025-09-22 20:19:53|CRWV|Magnetar Financial LLC|S|125.6|-1151054
2025-09-22 20:18:13|CRWV|Magnetar Financial LLC|S|125.6|-1451063
2025-09-22 20:10:32|NTSK|Griffith William J.G.|P|19|2000000
2025-09-22 20:06:22|WULF|Motz Catherine J.|S|11.04|-52942
2025-09-22 19:17:22|RKLB|Spice Adam C.|S|48.01|-874588
2025-09-22 19:13:20|SERV|Abraham Euan|S|14.99|-25000
2025-09-22 18:46:05|CSCO|Tuszik Oliver|S|67.95|-17526
2025-09-22 18:32:16|VREX|Aranki Karen L|S|12.34|-3174
2025-09-22 18:11:52|HQY|Ladd Delano|S|94.11|-6000
2025-09-22 17:57:52|SFIX|Bacos Anthony|S|5.61|-90000
2025-09-22 17:27:05|RYM|Kovler Benjamin|P|39.99|1000
2025-09-22 17:25:21|AQST|Barber Daniel|S|6|-400
2025-09-22 17:20:24|TEAM|Cannon-Brookes Michael|S|169.32|-7665
2025-09-22 17:20:01|TEAM|Farquhar Scott|S|169.32|-7665
2025-09-22 17:14:59|ANIP|Davis Krista|S|98.04|-1000
2025-09-22 17:10:55|ONEW|Singleton Philip Austin Jr.|P|15.37|3654
2025-09-22 17:05:07|IPGP|Ip Fibre Devices Ltd|S|81.82|-64167
2025-09-22 17:00:51|TRIP|Kalvert Seth J|S|20.04|-10880
2025-09-22 16:52:12|QUIK|Faith Brian C|S|5.8|-14956
2025-09-22 16:51:38|QUIK|Saxe Timothy|S|5.8|-9155
2025-09-22 16:50:42|QUIK|Nader Elias|S|5.8|-7325
2025-09-22 16:49:08|CRM|Benioff Marc|S|245.69|-2250
2025-09-22 16:47:14|WMT|McLay Kathryn J.|S|103.83|-4000
2025-09-22 16:44:21|UWMC|Mat Ishbia|S|6.34|-1192712
2025-09-22 16:40:54|OS|Kinzer John|S|20|-30000
2025-09-22 16:39:31|UTHR|Rothblatt Martine A|S|414.19|-8000
2025-09-22 16:27:42|DAVE|Beilman Kyle|S|230.07|-59541
2025-09-22 16:26:26|DAVE|Wilk Jason|S|230.28|-81693
2025-09-22 16:17:34|DUOL|Hacker Severin|S|288.94|-10000
2025-09-22 16:15:11|AGX|Sweeney Karen|S|264.25|-390
2025-09-22 16:15:09|AGX|Quinn James W|S|260.34|-16557
2025-09-22 16:14:58|RGTI|Sandford Helene Gail|S|24.75|-17635
2025-09-22 16:10:44|MHH|Shaw Steven A|P|7.76|4537
2025-09-22 16:08:45|TG|Gamco Investors, Inc. Et Al|S|8.16|-2700
2025-09-22 16:00:05|LLY|Lilly Endowment Inc|S|763.1|-23665
2025-09-22 15:36:28|UUUU|Bovaird J. Birks|S|14.85|-10000
2025-09-22 15:33:00|CBKM|Lober Ralph J II|P|22.96|594
2025-09-22 12:43:24|TPL|Horizon Kinetics Asset Management LLC|P|896.6|1
2025-09-22 12:01:27|PGR|Murphy John Jo|S|242.1|-2218
2025-09-22 12:00:00|PFBX|Stilwell Joseph|P|20.2|281
2025-09-22 11:55:10|PGR|Callahan Patrick K|S|242.22|-6420
2025-09-22 11:35:13|PGR|Broz Steven|S|242.1|-1345
2025-09-22 10:31:31|AROC|Rebrook Jason C|P|24.16|10000
2025-09-19 21:17:56|APLS|Dunlop A. Sinclair|S|22.95|-31092
2025-09-19 21:17:01|NVDA|Robertson Donald F Jr|S|176.37|-3500
2025-09-19 21:05:27|NVDA|Kress Colette|S|176.4|-50500
2025-09-19 18:13:41|MGNI|Caine Paul|S|25|-7500
2025-09-19 17:49:58|NGS|Taylor Stephen Charles|S|27.5|-63
2025-09-19 17:34:59|IDR|Brackebusch Grant A|S|29.52|-15937
2025-09-19 16:49:07|UTHR|Olian Judy D.|S|415.43|-1800
2025-09-19 16:38:46|CBKM|Mikes Suzanne N|P|22.95|205
2025-09-19 16:25:48|PATH|Dines Daniel|S|11.92|-122733
2025-09-19 16:15:08|MGNI|Saltz Aaron|S|24.5|-8522
2025-09-23 18:52:14|COCO|Kirban Michael|S|41.54|-20000
2025-09-23 18:39:31|TRAK|Fields Randall K|S|17.47|-7000
2025-09-23 17:32:22|XOMA|Burns Thomas M.|S|35.99|-4330
2025-09-23 17:27:02|IHT|Wirth James F|S|18527|-10000
2025-09-23 17:22:30|IOT|Eltoukhy Adam|S|39.4|-4767
2025-09-23 17:16:30|QLYS|Posey Bruce K|S|136.18|-525
2025-09-23 16:57:37|RNA|Hughes Steven George|S|40.58|-2208
2025-09-23 16:54:45|ATI|Fields Kimberly A|S|80.33|-20312
2025-09-23 16:50:50|QCOM|Grech Patricia Y|S|170|-201
2025-09-23 16:47:35|TEAM|Cannon-Brookes Michael|S|170.2|-7665
2025-09-23 16:47:17|TEAM|Farquhar Scott|S|170.2|-7665
2025-09-23 16:43:57|FTI|Pferdehirt Douglas J.|S|38.59|-712843
2025-09-23 16:38:27|FTI|Melin Alf|S|38.61|-113760
